<?xml version="1.0" encoding="UTF-8"?>
<!-- Generated by org.testng.reporters.JUnitReportReporter -->
<testsuite skipped="0" hostname="Ildars-MacBook-Pro.local" name="TestCases.StoreLoginTest" tests="1" failures="0" timestamp="2023-04-12T10:38:53 PDT" time="9.390" errors="0">
  <testcase name="login" time="9.390" classname="TestCases.StoreLoginTest"/>
  <system-out/>
</testsuite> <!-- TestCases.StoreLoginTest -->
