<?xml version="1.0" encoding="UTF-8"?>
<!-- Generated by org.testng.reporters.JUnitReportReporter -->
<testsuite skipped="0" hostname="Ildars-MacBook-Pro.local" name="uk.co.automationtesting.mavenproject.L08_Profile" tests="1" failures="0" timestamp="2023-04-12T00:47:56 PDT" time="0.004" errors="0">
  <testcase name="testng" time="0.004" classname="uk.co.automationtesting.mavenproject.L08_Profile"/>
  <system-out/>
</testsuite> <!-- uk.co.automationtesting.mavenproject.L08_Profile -->
