<?xml version="1.0" encoding="UTF-8"?>
<!-- Generated by org.testng.reporters.JUnitReportReporter -->
<testsuite skipped="0" hostname="Ildars-MacBook-Pro.local" name="uk.co.automationtesting.mavenproject.L07_Surefire" tests="1" failures="0" timestamp="2023-04-12T00:37:21 PDT" time="0.000" errors="0">
  <testcase name="testng" time="0.000" classname="uk.co.automationtesting.mavenproject.L07_Surefire"/>
  <system-out/>
</testsuite> <!-- uk.co.automationtesting.mavenproject.L07_Surefire -->
